Send POST https://api.jpush.cn/v3/push, body:{"platform":"all","audience":{"alias":["12521521"]},"notification":{"android":{"title":"\u5168\u89c6\u5f71\u89c6","extras":"","alert":"helloword"},"ios":{"alert":"helloword","sound":"sound","badge":"+1"}},"options":{"sendno":1705740144,"apns_production":false}}, times:1
Send POST https://api.jpush.cn/v3/push, body:{"platform":"all","audience":{"alias":["12521521"]},"notification":{"android":{"title":"\u5168\u89c6\u5f71\u89c6","extras":"","alert":"helloword"},"ios":{"alert":"helloword","sound":"sound","badge":"+1"}},"options":{"sendno":1435213409,"apns_production":false}}, times:1
Send POST https://api.jpush.cn/v3/push, body:{"platform":"all","audience":{"alias":["12521521"]},"notification":{"android":{"title":"\u5168\u89c6\u5f71\u89c6","extras":[],"alert":"helloword"},"ios":{"alert":"helloword","sound":"sound","badge":"+1"}},"options":{"sendno":2049216871,"apns_production":false}}, times:1
Send POST https://api.jpush.cn/v3/push, body:{"platform":"all","audience":{"alias":["12521521"]},"notification":{"android":{"title":"\u5168\u89c6\u5f71\u89c6","alert":"helloword"},"ios":{"alert":"helloword","sound":"sound","badge":"+1"}},"options":{"sendno":287316614,"apns_production":false}}, times:1
Send POST https://api.jpush.cn/v3/push, body:{"platform":"all","audience":"all","notification":{"alert":"helloword"},"options":{"sendno":1036271957,"apns_production":false}}, times:1
Send POST https://api.jpush.cn/v3/push, body:{"platform":"all","audience":{"alias":["18071adc034d6546722"]},"notification":{"android":{"title":"\u5168\u89c6\u5f71\u89c6","alert":"helloword"},"ios":{"alert":"helloword","sound":"sound","badge":"+1"}},"options":{"sendno":158273215,"apns_production":false}}, times:1
Send POST https://api.jpush.cn/v3/push, body:{"platform":"all","audience":{"alias":["18071adc034d6546722"]},"notification":{"android":{"title":"\u5168\u89c6\u5f71\u89c6","alert":"helloword"},"ios":{"alert":"helloword","sound":"sound","badge":"+1"}},"options":{"sendno":306632861,"apns_production":false}}, times:1
Send POST https://api.jpush.cn/v3/push, body:{"platform":"all","audience":"all","notification":{"alert":"helloword"},"options":{"sendno":2118734722,"apns_production":false}}, times:1
Send POST https://api.jpush.cn/v3/push, body:{"platform":"all","audience":"all","notification":{"alert":"helloword"},"options":{"sendno":995753408,"apns_production":false}}, times:1
Send POST https://api.jpush.cn/v3/push, body:{"platform":"all","audience":"all","notification":{"alert":"helloword"},"options":{"sendno":228850637,"apns_production":false}}, times:1
Send POST https://api.jpush.cn/v3/push, body:{"platform":"all","audience":"all","notification":{"alert":"helloword"},"options":{"sendno":1797142315,"apns_production":false}}, times:1
Send POST https://api.jpush.cn/v3/push, body:{"platform":"all","audience":"all","notification":{"alert":"helloword"},"options":{"sendno":1691988603,"apns_production":false}}, times:1
Send POST https://api.jpush.cn/v3/push, body:{"platform":"all","audience":"all","notification":{"alert":"helloword"},"options":{"sendno":527121856,"apns_production":false}}, times:1
Send POST https://api.jpush.cn/v3/push, body:{"platform":"all","audience":"all","notification":{"alert":"helloword"},"options":{"sendno":702863458,"apns_production":false}}, times:1
Send POST https://api.jpush.cn/v3/push, body:{"platform":"all","audience":"all","notification":{"alert":"helloword"},"options":{"sendno":558160925,"apns_production":false}}, times:1
Send POST https://api.jpush.cn/v3/push, body:{"platform":"all","audience":"all","notification":{"alert":"helloword"},"options":{"sendno":302798194,"apns_production":false}}, times:1
Send POST https://api.jpush.cn/v3/push, body:{"platform":"all","audience":{"registration_id":["18071adc034d6546722"]},"notification":{"android":{"title":"\u5168\u89c6\u5f71\u89c6","alert":"helloword"},"ios":{"alert":"helloword","sound":"sound","badge":"+1"}},"options":{"sendno":1994353206,"apns_production":false}}, times:1
Send POST https://api.jpush.cn/v3/push, body:{"platform":"all","audience":{"registration_id":["18071adc034d6546722"]},"notification":{"android":{"title":"\u5168\u89c6\u5f71\u89c6","alert":"helloword"},"ios":{"alert":"helloword","sound":"sound","badge":"+1"}},"options":{"sendno":25591425,"apns_production":false}}, times:1
Send POST https://api.jpush.cn/v3/push, body:{"platform":"all","audience":{"registration_id":["18071adc034d6546722"]},"notification":{"android":{"title":"\u5168\u89c6\u5f71\u89c6","alert":"helloword"},"ios":{"alert":"helloword","sound":"sound","badge":"+1"}},"options":{"sendno":250002600,"apns_production":false}}, times:1
Send POST https://api.jpush.cn/v3/push, body:{"platform":"all","audience":{"registration_id":["18071adc034d6546722"]},"notification":{"android":{"title":"\u5168\u89c6\u5f71\u89c6","alert":"helloword"},"ios":{"alert":"helloword","sound":"sound","badge":"+1"}},"options":{"sendno":2098139998,"apns_production":false}}, times:1
Send POST https://api.jpush.cn/v3/push, body:{"platform":"all","audience":{"registration_id":["18071adc034d6546722"]},"notification":{"android":{"title":"\u5168\u89c6\u5f71\u89c6","alert":"helloword"},"ios":{"alert":"helloword","sound":"sound","badge":"+1"}},"options":{"sendno":2052925109,"apns_production":false}}, times:1
Send POST https://api.jpush.cn/v3/push, body:{"platform":"all","audience":{"registration_id":["18071adc034d6546722"]},"notification":{"android":{"title":"\u5168\u89c6\u5f71\u89c6","alert":"helloword"},"ios":{"alert":"helloword","sound":"sound","badge":"+1"}},"options":{"sendno":1806146776,"apns_production":false}}, times:1
Send POST https://api.jpush.cn/v3/push, body:{"platform":"all","audience":{"registration_id":["18071adc034d6546722"]},"notification":{"android":{"title":"\u5168\u89c6\u5f71\u89c6","alert":"helloword"},"ios":{"alert":"helloword","sound":"sound","badge":"+1"}},"options":{"sendno":584627466,"apns_production":false}}, times:1
Send POST https://api.jpush.cn/v3/push, body:{"platform":"all","audience":{"registration_id":["18071adc034d6546722"]},"notification":{"android":{"title":"\u5168\u89c6\u5f71\u89c6","alert":"helloword"},"ios":{"alert":"helloword","sound":"sound","badge":"+1"}},"options":{"sendno":1573565455,"apns_production":false}}, times:1
Send POST https://api.jpush.cn/v3/push, body:{"platform":"all","audience":{"registration_id":["18071adc034d6546722"]},"notification":{"android":{"title":"\u5168\u89c6\u5f71\u89c6","alert":"helloword"},"ios":{"alert":"helloword","sound":"sound","badge":"+1"}},"options":{"sendno":267816102,"apns_production":false}}, times:1
Send POST https://api.jpush.cn/v3/push, body:{"platform":"all","audience":{"registration_id":["453"]},"notification":{"android":{"title":"\u5168\u89c6\u5f71\u89c6","alert":"helloword"},"ios":{"alert":"helloword","sound":"sound","badge":"+1"}},"options":{"sendno":1844257658,"apns_production":false}}, times:1
Send POST https://api.jpush.cn/v3/push, body:{"platform":"all","audience":{"registration_id":["18071adc034d6546722"]},"notification":{"android":{"title":"\u5168\u89c6\u5f71\u89c6","alert":"helloword"},"ios":{"alert":"helloword","sound":"sound","badge":"+1"}},"options":{"sendno":1985804572,"apns_production":false}}, times:1
Send POST https://api.jpush.cn/v3/push, body:{"platform":"all","audience":{"registration_id":["18071adc034d6546722"]},"notification":{"android":{"title":"\u5168\u89c6\u5f71\u89c6","alert":"helloword"},"ios":{"alert":"helloword","sound":"sound","badge":"+1"}},"options":{"sendno":1848072179,"apns_production":false}}, times:1
Send POST https://api.jpush.cn/v3/push, body:{"platform":"all","audience":{"alias":["18071adc034d6546722"]},"notification":{"android":{"title":"\u5168\u89c6\u5f71\u89c6","alert":"helloword"},"ios":{"alert":"helloword","sound":"sound","badge":"+1"}},"options":{"sendno":1744583098,"apns_production":false}}, times:1
Send POST https://api.jpush.cn/v3/push, body:{"platform":"all","audience":{"registration_id":["18071adc034d6546722"]},"notification":{"android":{"title":"\u5168\u89c6\u5f71\u89c6","alert":"helloword"},"ios":{"alert":"helloword","sound":"sound","badge":"+1"}},"options":{"sendno":1708836292,"apns_production":false}}, times:1
Send POST https://api.jpush.cn/v3/push, body:{"platform":"all","audience":{"alias":["user1"]},"notification":{"android":{"title":"\u5168\u89c6\u5f71\u89c6","alert":"helloword"},"ios":{"alert":"helloword","sound":"sound","badge":"+1"}},"options":{"sendno":55590656,"apns_production":false}}, times:1
Send POST https://api.jpush.cn/v3/push, body:{"platform":"all","audience":{"alias":["user1"]},"notification":{"android":{"title":"\u5168\u89c6\u5f71\u89c6","alert":"helloword"},"ios":{"alert":"helloword","sound":"sound","badge":"+1"}},"options":{"sendno":657716895,"apns_production":false}}, times:1
Send POST https://api.jpush.cn/v3/push, body:{"platform":"all","audience":{"alias":["user1"]},"notification":{"android":{"title":"\u5168\u89c6\u5f71\u89c6","alert":"helloword"},"ios":{"alert":"helloword","sound":"sound","badge":"+1"}},"options":{"sendno":1954408963,"apns_production":false}}, times:1
Send POST https://api.jpush.cn/v3/push, body:{"platform":"all","audience":{"registration_id":["user1"]},"notification":{"android":{"title":"\u5168\u89c6\u5f71\u89c6","alert":"helloword"},"ios":{"alert":"helloword","sound":"sound","badge":"+1"}},"options":{"sendno":713169039,"apns_production":false}}, times:1
Send POST https://api.jpush.cn/v3/push, body:{"platform":"all","audience":{"registration_id":["18071adc034d6546722"]},"notification":{"android":{"title":"\u5168\u89c6\u5f71\u89c6","alert":"helloword"},"ios":{"alert":"helloword","sound":"sound","badge":"+1"}},"options":{"sendno":2105363276,"apns_production":false}}, times:1
Send POST https://api.jpush.cn/v3/push, body:{"platform":"all","audience":{"registration_id":["18071adc034d6546722"]},"notification":{"android":{"title":"\u5168\u89c6\u5f71\u89c6","alert":"helloword"},"ios":{"alert":"helloword","sound":"sound","badge":"+1"}},"options":{"sendno":1368773796,"apns_production":false}}, times:1
Send POST https://api.jpush.cn/v3/push, body:{"platform":"all","audience":{"registration_id":["18071adc034d6546722"]},"notification":{"android":{"title":"\u5168\u89c6\u5f71\u89c6","alert":"helloword"},"ios":{"alert":"helloword","sound":"sound","badge":"+1"}},"options":{"sendno":1906894792,"apns_production":false}}, times:1
Send POST https://api.jpush.cn/v3/push, body:{"platform":"all","audience":{"registration_id":["18071adc034d6546722"]},"notification":{"android":{"title":"\u5168\u89c6\u5f71\u89c6","alert":"helloword"},"ios":{"alert":"helloword","sound":"sound","badge":"+1"}},"options":{"sendno":1635926398,"apns_production":false}}, times:1
Send POST https://api.jpush.cn/v3/push, body:{"platform":"all","audience":{"registration_id":["18071adc034d6546722"]},"notification":{"android":{"title":"\u5168\u89c6\u5f71\u89c6","alert":"helloword"},"ios":{"alert":"helloword","sound":"sound","badge":"+1"}},"options":{"sendno":1368785024,"apns_production":false}}, times:1
Send POST https://api.jpush.cn/v3/push, body:{"platform":"all","audience":{"registration_id":["18071adc034d6546722"]},"notification":{"android":{"title":"\u5168\u89c6\u5f71\u89c6","alert":"helloword"},"ios":{"alert":"helloword","sound":"sound","badge":"+1"}},"options":{"sendno":818336454,"apns_production":false}}, times:1
Send POST https://api.jpush.cn/v3/push, body:{"platform":"all","audience":{"registration_id":["18071adc034d6546722"]},"notification":{"android":{"title":"\u5168\u89c6\u5f71\u89c6","alert":"helloword"},"ios":{"alert":"helloword","sound":"sound","badge":"+1"}},"options":{"sendno":632908371,"apns_production":false}}, times:1
Send POST https://api.jpush.cn/v3/push, body:{"platform":"all","audience":{"registration_id":["18071adc034d6546722"]},"notification":{"android":{"title":"\u5168\u89c6\u5f71\u89c6","alert":"helloword"},"ios":{"alert":"helloword","sound":"sound","badge":"+1"}},"options":{"sendno":896591534,"apns_production":false}}, times:1
Send POST https://api.jpush.cn/v3/push, body:{"platform":"all","audience":{"registration_id":["18071adc034d6546722"]},"notification":{"android":{"title":"\u5168\u89c6\u5f71\u89c6","alert":"helloword"},"ios":{"alert":"helloword","sound":"sound","badge":"+1"}},"options":{"sendno":439847691,"apns_production":false}}, times:1
Send POST https://api.jpush.cn/v3/push, body:{"platform":"all","audience":{"registration_id":["18071adc034d6546722"]},"notification":{"android":{"title":"\u5168\u89c6\u5f71\u89c6","alert":"helloword"},"ios":{"alert":"helloword","sound":"sound","badge":"+1"}},"options":{"sendno":1595929971,"apns_production":false}}, times:1
Send POST https://api.jpush.cn/v3/push, body:{"platform":"all","audience":{"registration_id":["18071adc034d6546722"]},"notification":{"android":{"title":"\u5168\u89c6\u5f71\u89c6","alert":"helloword"},"ios":{"alert":"helloword","sound":"sound","badge":"+1"}},"options":{"sendno":2138105516,"apns_production":false}}, times:1
Send POST https://api.jpush.cn/v3/push, body:{"platform":"all","audience":{"registration_id":["18071adc034d6546722"]},"notification":{"android":{"title":"\u5168\u89c6\u5f71\u89c6","alert":"helloword"},"ios":{"alert":"helloword","sound":"sound","badge":"+1"}},"options":{"sendno":782912890,"apns_production":false}}, times:1
Send POST https://api.jpush.cn/v3/push, body:{"platform":"all","audience":{"registration_id":["18071adc034d6546722"]},"notification":{"android":{"title":"\u5168\u89c6\u5f71\u89c6","alert":"helloword"},"ios":{"alert":"helloword","sound":"sound","badge":"+1"}},"options":{"sendno":1446845615,"apns_production":false}}, times:1
Send POST https://api.jpush.cn/v3/push, body:{"platform":"all","audience":{"registration_id":["18071adc034d6546722"]},"notification":{"android":{"title":"\u5168\u89c6\u5f71\u89c6","alert":"helloword"},"ios":{"alert":"helloword","sound":"sound","badge":"+1"}},"options":{"sendno":1818528011,"apns_production":false}}, times:1
Send POST https://api.jpush.cn/v3/push, body:{"platform":"all","audience":{"registration_id":["18071adc034d6546722"]},"notification":{"android":{"title":"\u5168\u89c6\u5f71\u89c6","alert":"helloword"},"ios":{"alert":"helloword","sound":"sound","badge":"+1"}},"options":{"sendno":1051520182,"apns_production":false}}, times:1
Send POST https://api.jpush.cn/v3/push, body:{"platform":"all","audience":{"registration_id":["120c83f760792c908ed"]},"notification":{"android":{"title":"\u5168\u89c6\u5f71\u89c6","alert":"helloword"},"ios":{"alert":"helloword","sound":"sound","badge":"+1"}},"options":{"sendno":1209154439,"apns_production":false}}, times:1
Send POST https://api.jpush.cn/v3/push, body:{"platform":"all","audience":{"registration_id":["120c83f760792c908ed"]},"notification":{"android":{"title":"\u5168\u89c6\u5f71\u89c6","alert":"helloword"},"ios":{"alert":"helloword","sound":"sound","badge":"+1"}},"options":{"sendno":942554699,"apns_production":false}}, times:1
Send POST https://api.jpush.cn/v3/push, body:{"platform":"all","audience":{"registration_id":["120c83f760792c908ed"]},"notification":{"android":{"title":"\u5168\u89c6\u5f71\u89c6","alert":"helloword"},"ios":{"alert":"helloword","sound":"sound","badge":"+1"}},"options":{"sendno":691882856,"apns_production":false}}, times:1
Send POST https://api.jpush.cn/v3/push, body:{"platform":"all","audience":{"registration_id":["120c83f760792c908ed"]},"notification":{"android":{"title":"\u5168\u89c6\u5f71\u89c6","alert":"helloword"},"ios":{"alert":"helloword","sound":"sound","badge":"+1"}},"options":{"sendno":2039460342,"apns_production":false}}, times:1
Send POST https://api.jpush.cn/v3/push, body:{"platform":"all","audience":{"registration_id":["120c83f760792c908ed"]},"notification":{"android":{"title":"\u5168\u89c6\u5f71\u89c6","alert":"helloword"},"ios":{"alert":"helloword","sound":"sound","badge":"+1"}},"options":{"sendno":52947602,"apns_production":false}}, times:1
Send POST https://api.jpush.cn/v3/push, body:{"platform":"all","audience":{"registration_id":["120c83f760792c908ed"]},"notification":{"android":{"title":"\u5168\u89c6\u5f71\u89c6","alert":"helloword"},"ios":{"alert":"helloword","sound":"sound","badge":"+1"}},"options":{"sendno":1463305248,"apns_production":false}}, times:1
Send POST https://api.jpush.cn/v3/push, body:{"platform":"all","audience":{"registration_id":["120c83f760792c908ed"]},"notification":{"android":{"title":"\u5168\u89c6\u5f71\u89c6","alert":"helloword"},"ios":{"alert":"helloword","sound":"sound","badge":"+1"}},"options":{"sendno":643302782,"apns_production":false}}, times:1
Send POST https://api.jpush.cn/v3/push, body:{"platform":"all","audience":"all","notification":{"alert":"helloword"},"options":{"sendno":5795499,"apns_production":false}}, times:1
Send POST https://api.jpush.cn/v3/push, body:{"platform":"all","audience":"all","notification":{"alert":"helloword"},"options":{"sendno":46336347,"apns_production":false}}, times:1
Send POST https://api.jpush.cn/v3/push, body:{"platform":"all","audience":"all","notification":{"alert":"\u6d4b\u8bd51"},"options":{"sendno":2025789261,"apns_production":false}}, times:1
Send POST https://api.jpush.cn/v3/push, body:{"platform":"all","audience":"all","notification":{"alert":"\u6d4b\u8bd51"},"options":{"sendno":1281964608,"apns_production":false}}, times:1
Send POST https://api.jpush.cn/v3/push, body:{"platform":"all","audience":"all","notification":{"alert":"\u6d4b\u8bd51"},"options":{"sendno":1077872435,"apns_production":false}}, times:1
Send POST https://api.jpush.cn/v3/push, body:{"platform":"all","audience":"all","notification":{"alert":"\u6210\u5f53\u524d\u7fa4\u7fa4"},"options":{"sendno":1529033189,"apns_production":false}}, times:1
Send POST https://api.jpush.cn/v3/push, body:{"platform":"all","audience":"all","notification":{"alert":"111"},"options":{"sendno":997494721,"apns_production":false}}, times:1
Send POST https://api.jpush.cn/v3/push, body:{"platform":"all","audience":"all","notification":{"alert":"aaaaaa"},"options":{"sendno":1192216480,"apns_production":false}}, times:1
Send POST https://api.jpush.cn/v3/push, body:{"platform":"all","audience":"all","notification":{"alert":"aaaaa"},"options":{"sendno":963923441,"apns_production":false}}, times:1
Send POST https://api.jpush.cn/v3/push, body:{"platform":"all","audience":"all","notification":{"alert":"sadasd"},"options":{"sendno":560537672,"apns_production":false}}, times:1
Send POST https://api.jpush.cn/v3/push, body:{"platform":"all","audience":"all","notification":{"alert":"11"},"options":{"sendno":106794070,"apns_production":false}}, times:1
Send POST https://api.jpush.cn/v3/push, body:{"platform":"all","audience":"all","notification":{"alert":"11"},"options":{"sendno":1479230557,"apns_production":false}}, times:1
Send POST https://api.jpush.cn/v3/push, body:{"platform":"all","audience":"all","notification":{"alert":"\u65b0\u6625\u5927\u793c\uff0c\u5f00\u901a\u4ee3\u7406\u73b0\u5b9e299"},"options":{"sendno":1422409979,"apns_production":false}}, times:1
Send POST https://api.jpush.cn/v3/push, body:{"platform":"all","audience":"all","notification":{"alert":"312312"},"options":{"sendno":1814013579,"apns_production":false}}, times:1
Send POST https://api.jpush.cn/v3/push, body:{"platform":"all","audience":"all","notification":{"alert":"\u60a8\u597d\uff0c\u73b0\u5728\u8d2d\u4e70\u4e00\u6708vip\u9650\u65f65.9"},"options":{"sendno":1681536255,"apns_production":false}}, times:1
Send POST https://api.jpush.cn/v3/push, body:{"platform":"all","audience":"all","notification":{"alert":"http:\/\/39.105.42.136:82"},"options":{"sendno":1375335878,"apns_production":false}}, times:1
Send POST https://api.jpush.cn/v3/push, body:{"platform":"all","audience":"all","notification":{"alert":"\u5e10\u53f7\u5df2\u5f3a\u5236\u4e0b\u7ebf\u89e3\u51b3\u65b9\u6cd5\uff1a\u5148\u628a\u8d26\u53f7\u5bc6\u7801\u9000\u51fa\uff0c\u7136\u540e\u6e05\u7406\u7f13\u5b58\uff0c\u7136\u540e\u628a\u8d26\u53f7\u9000\u51fa\uff0c\u628a\u8f6f\u4ef6\u9000\u51fa\uff0c\u5728\u767b\u5f55\u8fd9\u4e2a\u95ee\u9898\u5c31\u89e3\u51b3\u4e86"},"options":{"sendno":1894610720,"apns_production":false}}, times:1
Send POST https://api.jpush.cn/v3/push, body:{"platform":"all","audience":"all","notification":{"alert":"\u5e10\u53f7\u5df2\u5f3a\u5236\u4e0b\u7ebf\u89e3\u51b3\u65b9\u6cd5\uff1a\u5148\u628a\u8d26\u53f7\u5bc6\u7801\u9000\u51fa\uff0c\u7136\u540e\u6e05\u7406\u7f13\u5b58\uff0c\u7136\u540e\u628a\u8d26\u53f7\u9000\u51fa\uff0c\u628a\u8f6f\u4ef6\u9000\u51fa\uff0c\u5728\u767b\u5f55\u8fd9\u4e2a\u95ee\u9898\u5c31\u89e3\u51b3\u4e86"},"options":{"sendno":349026397,"apns_production":false}}, times:1
Send POST https://api.jpush.cn/v3/push, body:{"platform":"all","audience":"all","notification":{"alert":"\u65af\u8482\u82ac "},"options":{"sendno":1385050692,"apns_production":false}}, times:1
Send POST https://api.jpush.cn/v3/push, body:{"platform":"all","audience":"all","notification":{"alert":"\u6d4b\u8bd5"},"options":{"sendno":1173470638,"apns_production":false}}, times:1
Send POST https://api.jpush.cn/v3/push, body:{"platform":"all","audience":"all","notification":{"alert":"ces"},"options":{"sendno":970411973,"apns_production":false}}, times:1
